  main.cpp
  The contents of <filesystem> are available only with C++17 or later.
D:\dev\projects\OpenGLBase\OpenGLBase\Shader.h(56,34): warning C4101: 'e': unreferenced local variable
D:\dev\projects\OpenGLBase\OpenGLBase\main.cpp(79,22): warning C4244: 'initializing': conversion from 'double' to 'float', possible loss of data
D:\dev\projects\OpenGLBase\OpenGLBase\main.cpp(108,11): warning C4244: '=': conversion from 'double' to 'float', possible loss of data
D:\dev\projects\OpenGLBase\OpenGLBase\main.cpp(109,11): warning C4244: '=': conversion from 'double' to 'float', possible loss of data
D:\dev\projects\OpenGLBase\OpenGLBase\main.cpp(112,16): warning C4244: 'initializing': conversion from 'double' to 'float', possible loss of data
D:\dev\projects\OpenGLBase\OpenGLBase\main.cpp(113,16): warning C4244: 'initializing': conversion from 'double' to 'float', possible loss of data
D:\dev\projects\OpenGLBase\OpenGLBase\main.cpp(114,10): warning C4244: '=': conversion from 'double' to 'float', possible loss of data
D:\dev\projects\OpenGLBase\OpenGLBase\main.cpp(115,10): warning C4244: '=': conversion from 'double' to 'float', possible loss of data
D:\dev\projects\OpenGLBase\OpenGLBase\main.cpp(122,28): warning C4244: 'argument': conversion from 'double' to 'float', possible loss of data
main.obj : error LNK2019: unresolved external symbol _glfwInit referenced in function _main
main.obj : error LNK2019: unresolved external symbol _glfwTerminate referenced in function _main
main.obj : error LNK2019: unresolved external symbol _glfwWindowHint referenced in function _main
main.obj : error LNK2019: unresolved external symbol _glfwCreateWindow referenced in function _main
main.obj : error LNK2019: unresolved external symbol _glfwWindowShouldClose referenced in function _main
main.obj : error LNK2019: unresolved external symbol _glfwSetWindowShouldClose referenced in function "void __cdecl process_input(struct GLFWwindow *)" (?process_input@@YAXPAUGLFWwindow@@@Z)
main.obj : error LNK2019: unresolved external symbol _glfwSetFramebufferSizeCallback referenced in function _main
main.obj : error LNK2019: unresolved external symbol _glfwPollEvents referenced in function _main
main.obj : error LNK2019: unresolved external symbol _glfwSetInputMode referenced in function _main
main.obj : error LNK2019: unresolved external symbol _glfwGetKey referenced in function "void __cdecl process_input(struct GLFWwindow *)" (?process_input@@YAXPAUGLFWwindow@@@Z)
main.obj : error LNK2019: unresolved external symbol _glfwSetCursorPosCallback referenced in function _main
main.obj : error LNK2019: unresolved external symbol _glfwSetScrollCallback referenced in function _main
main.obj : error LNK2019: unresolved external symbol _glfwGetTime referenced in function _main
main.obj : error LNK2019: unresolved external symbol _glfwMakeContextCurrent referenced in function _main
main.obj : error LNK2019: unresolved external symbol _glfwSwapBuffers referenced in function _main
main.obj : error LNK2019: unresolved external symbol _glfwGetProcAddress referenced in function _main
D:\dev\includes\lib\glfw3.lib : warning LNK4272: library machine type 'x64' conflicts with target machine type 'x86'
D:\dev\projects\OpenGLBase\Debug\OpenGLBase.exe : fatal error LNK1120: 16 unresolved externals
